TN:
SF:../color/dist/index.cjs
FN:2,get_color
FN:5,anonymous_1
FN:27,get red
FN:30,get black
FN:33,get green
FN:36,get yellow
FN:39,get blue
FN:42,get magenta
FN:45,get cyan
FN:48,get white
FN:51,get gray
FN:54,get grey
FN:57,get brightRed
FN:60,get brightGreen
FN:63,get brightYellow
FN:66,get brightBlue
FN:69,get brightMagenta
FN:72,get brightCyan
FN:75,get brightWhite
FN:79,get bgBlack
FN:82,get bgRed
FN:85,get bgGreen
FN:88,get bgYellow
FN:91,get bgMagenta
FN:94,get bgBlue
FN:97,get bgCyan
FN:100,get bgWhite
FN:103,get bgBrightRed
FN:106,get bgBrightGreen
FN:109,get bgBrightYellow
FN:112,get bgBrightBlue
FN:115,get bgBrightMagenta
FN:118,get bgBrightCyan
FN:121,get bgBrightWhite
FN:125,get reset
FN:128,get bold
FN:131,get dim
FN:134,get italic
FN:137,get underline
FN:140,get inverse
FN:143,get hidden
FN:146,get strikethrough
FNDA:1,get_color
FNDA:1,anonymous_1
FNDA:0,get red
FNDA:0,get black
FNDA:0,get green
FNDA:0,get yellow
FNDA:0,get blue
FNDA:1,get magenta
FNDA:0,get cyan
FNDA:0,get white
FNDA:0,get gray
FNDA:0,get grey
FNDA:0,get brightRed
FNDA:0,get brightGreen
FNDA:0,get brightYellow
FNDA:0,get brightBlue
FNDA:0,get brightMagenta
FNDA:0,get brightCyan
FNDA:0,get brightWhite
FNDA:0,get bgBlack
FNDA:0,get bgRed
FNDA:0,get bgGreen
FNDA:0,get bgYellow
FNDA:0,get bgMagenta
FNDA:0,get bgBlue
FNDA:0,get bgCyan
FNDA:0,get bgWhite
FNDA:0,get bgBrightRed
FNDA:0,get bgBrightGreen
FNDA:0,get bgBrightYellow
FNDA:0,get bgBrightBlue
FNDA:0,get bgBrightMagenta
FNDA:0,get bgBrightCyan
FNDA:0,get bgBrightWhite
FNDA:0,get reset
FNDA:0,get bold
FNDA:0,get dim
FNDA:0,get italic
FNDA:0,get underline
FNDA:0,get inverse
FNDA:0,get hidden
FNDA:0,get strikethrough
FNF:42
FNH:3
BRDA:1,0,0,1
BRDA:2,1,0,1
BRDA:5,2,0,1
BRDA:6,3,0,0
BRDA:12,4,0,0
BRDA:42,5,0,1
BRF:6
BRH:4
DA:1,1
DA:2,1
DA:3,1
DA:4,1
DA:5,1
DA:6,1
DA:7,0
DA:8,0
DA:9,1
DA:10,1
DA:11,1
DA:12,1
DA:13,0
DA:14,0
DA:15,0
DA:16,0
DA:17,0
DA:18,0
DA:19,0
DA:20,1
DA:21,1
DA:22,1
DA:23,1
DA:24,1
DA:25,1
DA:26,1
DA:27,1
DA:28,0
DA:29,0
DA:30,1
DA:31,0
DA:32,0
DA:33,1
DA:34,0
DA:35,0
DA:36,1
DA:37,0
DA:38,0
DA:39,1
DA:40,0
DA:41,0
DA:42,1
DA:43,1
DA:44,1
DA:45,1
DA:46,0
DA:47,0
DA:48,1
DA:49,0
DA:50,0
DA:51,1
DA:52,0
DA:53,0
DA:54,1
DA:55,0
DA:56,0
DA:57,1
DA:58,0
DA:59,0
DA:60,1
DA:61,0
DA:62,0
DA:63,1
DA:64,0
DA:65,0
DA:66,1
DA:67,0
DA:68,0
DA:69,1
DA:70,0
DA:71,0
DA:72,1
DA:73,0
DA:74,0
DA:75,1
DA:76,0
DA:77,0
DA:78,1
DA:79,1
DA:80,0
DA:81,0
DA:82,1
DA:83,0
DA:84,0
DA:85,1
DA:86,0
DA:87,0
DA:88,1
DA:89,0
DA:90,0
DA:91,1
DA:92,0
DA:93,0
DA:94,1
DA:95,0
DA:96,0
DA:97,1
DA:98,0
DA:99,0
DA:100,1
DA:101,0
DA:102,0
DA:103,1
DA:104,0
DA:105,0
DA:106,1
DA:107,0
DA:108,0
DA:109,1
DA:110,0
DA:111,0
DA:112,1
DA:113,0
DA:114,0
DA:115,1
DA:116,0
DA:117,0
DA:118,1
DA:119,0
DA:120,0
DA:121,1
DA:122,0
DA:123,0
DA:124,1
DA:125,1
DA:126,0
DA:127,0
DA:128,1
DA:129,0
DA:130,0
DA:131,1
DA:132,0
DA:133,0
DA:134,1
DA:135,0
DA:136,0
DA:137,1
DA:138,0
DA:139,0
DA:140,1
DA:141,0
DA:142,0
DA:143,1
DA:144,0
DA:145,0
DA:146,1
DA:147,0
DA:148,0
DA:149,1
DA:150,1
DA:151,1
DA:152,1
LH:65
LF:152
end_of_record
SF:src/index.ts
FN:3,anonymous_0
FN:9,__name
FN:10,__export
FN:12,__copyProps
FN:17,get
FN:21,__toESM
FN:33,__toCommonJS
FN:36,getCompilerOptions
FN:39,getConfigPath
FN:56,getCompilerOptions
FN:73,anonymous_10
FN:91,anonymous_11
FNDA:1,anonymous_0
FNDA:10,__name
FNDA:1,__export
FNDA:2266,__copyProps
FNDA:5,get
FNDA:3,__toESM
FNDA:1,__toCommonJS
FNDA:5,getCompilerOptions
FNDA:5,getConfigPath
FNDA:5,getCompilerOptions
FNDA:2,anonymous_10
FNDA:2,anonymous_11
FNF:12
FNH:12
BRDA:1,0,0,1
BRDA:3,1,0,1
BRDA:undefined,2,0,0
BRDA:9,3,0,10
BRDA:10,4,0,1
BRDA:12,5,0,4
BRDA:14,6,0,0
BRDA:15,7,0,2266
BRDA:17,8,0,5
BRDA:21,9,0,3
BRDA:24,10,0,0
BRDA:33,11,0,0
BRDA:33,12,0,1
BRDA:36,13,0,5
BRDA:39,14,0,5
BRDA:42,15,0,3
BRDA:44,16,0,1
BRDA:49,17,0,2
BRDA:51,18,0,2
BRDA:56,19,0,5
BRDA:62,20,0,4
BRDA:73,21,0,2
BRDA:75,22,0,1
BRDA:83,23,0,0
BRDA:91,24,0,2
BRDA:undefined,25,0,0
BRDA:undefined,26,0,0
BRF:27
BRH:23
DA:1,1
DA:2,1
DA:3,1
DA:4,1
DA:5,1
DA:6,1
DA:7,1
DA:8,1
DA:9,1
DA:10,1
DA:11,1
DA:12,1
DA:13,4
DA:14,4
DA:15,4
DA:16,2266
DA:17,2266
DA:18,2266
DA:19,2266
DA:20,2266
DA:21,1
DA:22,3
DA:23,3
DA:24,3
DA:25,3
DA:26,3
DA:27,3
DA:28,3
DA:29,3
DA:30,3
DA:31,3
DA:32,3
DA:33,1
DA:34,1
DA:35,1
DA:36,1
DA:37,1
DA:38,1
DA:39,1
DA:40,5
DA:41,5
DA:42,5
DA:43,3
DA:44,3
DA:45,1
DA:46,1
DA:47,1
DA:48,1
DA:49,3
DA:50,2
DA:51,5
DA:52,2
DA:53,2
DA:54,2
DA:55,2
DA:56,1
DA:57,5
DA:58,5
DA:59,5
DA:60,5
DA:61,5
DA:62,5
DA:63,4
DA:64,4
DA:65,4
DA:66,4
DA:67,4
DA:68,4
DA:69,4
DA:70,4
DA:71,4
DA:72,4
DA:73,4
DA:74,2
DA:75,2
DA:76,2
DA:77,2
DA:78,2
DA:79,2
DA:80,2
DA:81,2
DA:82,2
DA:83,2
DA:84,0
DA:85,0
DA:86,0
DA:87,0
DA:88,4
DA:89,4
DA:90,4
DA:91,4
LH:87
LF:91
end_of_record
