TN:
SF:src/index.ts
FN:2,__name
FN:6,handleImports
FN:11,anonymous_2
FN:14,handleImportEqual
FN:25,anonymous_4
FN:26,handleAwaitImport
FN:36,anonymous_6
FN:40,handleRequire
FN:58,anonymous_8
FN:59,handlers
FN:66,isDir
FN:75,getFileName
FN:78,getExtensionName
FN:81,resolveExtension
FN:87,anonymous_14
FN:112,anonymous_15
FN:115,anonymous_16
FN:132,anonymous_17
FN:143,collectDependencies
FN:150,visit
FN:164,processModule
FN:189,anonymous_21
FN:195,anonymous_22
FN:206,getPackageJson
FN:222,topoSort
FN:224,visit
FN:233,anonymous_26
FN:234,anonymous_27
FN:236,anonymous_28
FN:239,generateGraph
FN:258,anonymous_30
FN:259,anonymous_31
FN:260,anonymous_32
FN:261,anonymous_33
FN:262,anonymous_34
FNDA:45,__name
FNDA:103,handleImports
FNDA:71,anonymous_2
FNDA:126,handleImportEqual
FNDA:94,anonymous_4
FNDA:126,handleAwaitImport
FNDA:94,anonymous_6
FNDA:125,handleRequire
FNDA:93,anonymous_8
FNDA:32,handlers
FNDA:15,isDir
FNDA:1,getFileName
FNDA:2,getExtensionName
FNDA:15,resolveExtension
FNDA:1,anonymous_14
FNDA:48,anonymous_15
FNDA:27,anonymous_16
FNDA:0,anonymous_17
FNDA:3,collectDependencies
FNDA:9,visit
FNDA:14,processModule
FNDA:32,anonymous_21
FNDA:6,anonymous_22
FNDA:3,getPackageJson
FNDA:3,topoSort
FNDA:15,visit
FNDA:9,anonymous_26
FNDA:27,anonymous_27
FNDA:9,anonymous_28
FNDA:3,generateGraph
FNDA:1,anonymous_30
FNDA:2,anonymous_31
FNDA:2,anonymous_32
FNDA:2,anonymous_33
FNDA:2,anonymous_34
FNF:35
FNH:34
BRDA:1,0,0,1
BRDA:2,1,0,45
BRDA:6,2,0,103
BRDA:8,3,0,10
BRDA:9,4,0,10
BRDA:11,5,0,93
BRDA:11,6,0,71
BRDA:14,7,0,126
BRDA:18,8,0,1
BRDA:21,9,0,1
BRDA:24,10,0,125
BRDA:25,11,0,94
BRDA:26,12,0,126
BRDA:28,13,0,1
BRDA:33,14,0,1
BRDA:36,15,0,125
BRDA:36,16,0,94
BRDA:40,17,0,125
BRDA:41,18,0,3
BRDA:41,19,0,2
BRDA:44,20,0,2
BRDA:49,21,0,123
BRDA:50,22,0,0
BRDA:54,23,0,0
BRDA:57,24,0,123
BRDA:58,25,0,93
BRDA:59,26,0,32
BRDA:66,27,0,15
BRDA:69,28,0,6
BRDA:74,29,0,0
BRDA:75,30,0,1
BRDA:77,31,0,0
BRDA:78,32,0,2
BRDA:80,33,0,0
BRDA:81,34,0,15
BRDA:84,35,0,1
BRDA:92,36,0,0
BRDA:95,37,0,14
BRDA:118,38,0,6
BRDA:121,39,0,8
BRDA:121,40,0,0
BRDA:130,41,0,0
BRDA:138,42,0,0
BRDA:87,43,0,1
BRDA:112,44,0,48
BRDA:115,45,0,27
BRDA:115,46,0,14
BRDA:143,47,0,3
BRDA:150,48,0,9
BRDA:154,49,0,0
BRDA:156,50,0,0
BRDA:164,51,0,14
BRDA:165,52,0,8
BRDA:167,53,0,6
BRDA:171,54,0,0
BRDA:178,55,0,8
BRDA:179,56,0,4
BRDA:183,57,0,3
BRDA:184,58,0,1
BRDA:189,59,0,32
BRDA:195,60,0,6
BRDA:206,61,0,3
BRDA:215,62,0,1
BRDA:222,63,0,3
BRDA:224,64,0,15
BRDA:225,65,0,6
BRDA:225,66,0,9
BRDA:227,67,0,0
BRDA:233,68,0,9
BRDA:234,69,0,27
BRDA:236,70,0,3
BRDA:237,71,0,9
BRDA:239,72,0,3
BRDA:258,73,0,1
BRDA:259,74,0,2
BRDA:260,75,0,2
BRDA:261,76,0,2
BRDA:262,77,0,2
BRF:78
BRH:65
DA:1,1
DA:2,1
DA:3,45
DA:4,1
DA:5,1
DA:6,1
DA:7,103
DA:8,103
DA:9,103
DA:10,10
DA:11,103
DA:12,71
DA:13,1
DA:14,1
DA:15,126
DA:16,126
DA:17,126
DA:18,126
DA:19,1
DA:20,1
DA:21,126
DA:22,1
DA:23,1
DA:24,126
DA:25,1
DA:26,1
DA:27,126
DA:28,126
DA:29,1
DA:30,1
DA:31,1
DA:32,1
DA:33,126
DA:34,1
DA:35,1
DA:36,126
DA:37,1
DA:38,1
DA:39,1
DA:40,1
DA:41,125
DA:42,2
DA:43,2
DA:44,125
DA:45,2
DA:46,2
DA:47,2
DA:48,2
DA:49,125
DA:50,125
DA:51,0
DA:52,0
DA:53,0
DA:54,125
DA:55,0
DA:56,0
DA:57,125
DA:58,123
DA:59,1
DA:60,32
DA:61,32
DA:62,32
DA:63,32
DA:64,1
DA:65,1
DA:66,1
DA:67,15
DA:68,15
DA:69,15
DA:70,6
DA:71,6
DA:72,6
DA:73,6
DA:74,1
DA:75,1
DA:76,1
DA:77,1
DA:78,1
DA:79,2
DA:80,2
DA:81,1
DA:82,15
DA:83,15
DA:84,15
DA:85,1
DA:86,1
DA:87,1
DA:88,1
DA:89,1
DA:90,1
DA:91,1
DA:92,1
DA:93,0
DA:94,0
DA:95,15
DA:96,14
DA:97,14
DA:98,14
DA:99,14
DA:100,14
DA:101,14
DA:102,14
DA:103,14
DA:104,14
DA:105,14
DA:106,14
DA:107,14
DA:108,14
DA:109,14
DA:110,14
DA:111,14
DA:112,14
DA:113,48
DA:114,48
DA:115,14
DA:116,14
DA:117,14
DA:118,14
DA:119,6
DA:120,6
DA:121,14
DA:122,0
DA:123,0
DA:124,0
DA:125,0
DA:126,0
DA:127,0
DA:128,0
DA:129,0
DA:130,14
DA:131,0
DA:132,0
DA:133,0
DA:134,0
DA:135,0
DA:136,0
DA:137,15
DA:138,15
DA:139,0
DA:140,0
DA:141,15
DA:142,1
DA:143,1
DA:144,3
DA:145,3
DA:146,3
DA:147,3
DA:148,3
DA:149,3
DA:150,3
DA:151,9
DA:152,9
DA:153,9
DA:154,9
DA:155,9
DA:156,9
DA:157,0
DA:158,0
DA:159,9
DA:160,9
DA:161,9
DA:162,9
DA:163,9
DA:164,9
DA:165,14
DA:166,8
DA:167,14
DA:168,6
DA:169,6
DA:170,6
DA:171,6
DA:172,0
DA:173,0
DA:174,0
DA:175,6
DA:176,6
DA:177,6
DA:178,14
DA:179,8
DA:180,4
DA:181,4
DA:182,4
DA:183,4
DA:184,4
DA:185,1
DA:186,9
DA:187,9
DA:188,9
DA:189,9
DA:190,9
DA:191,9
DA:192,9
DA:193,9
DA:194,9
DA:195,9
DA:196,6
DA:197,3
DA:198,3
DA:199,3
DA:200,3
DA:201,3
DA:202,1
DA:203,1
DA:204,1
DA:205,1
DA:206,1
DA:207,3
DA:208,3
DA:209,3
DA:210,3
DA:211,3
DA:212,3
DA:213,3
DA:214,3
DA:215,3
DA:216,3
DA:217,3
DA:218,3
DA:219,3
DA:220,3
DA:221,1
DA:222,1
DA:223,3
DA:224,3
DA:225,15
DA:226,9
DA:227,15
DA:228,15
DA:229,3
DA:230,3
DA:231,3
DA:232,1
DA:233,1
DA:234,9
DA:235,1
DA:236,1
DA:237,3
DA:238,3
DA:239,1
DA:240,3
DA:241,3
DA:242,3
DA:243,3
DA:244,3
DA:245,3
DA:246,3
DA:247,3
DA:248,3
DA:249,3
DA:250,3
DA:251,3
DA:252,3
DA:253,3
DA:254,3
DA:255,3
DA:256,3
DA:257,3
DA:258,3
DA:259,3
DA:260,3
DA:261,3
DA:262,1
DA:263,1
DA:264,1
DA:265,1
DA:266,1
DA:267,1
DA:268,1
DA:269,1
DA:270,1
DA:271,1
DA:272,1
DA:273,1
DA:274,1
DA:275,1
DA:276,1
DA:277,1
DA:278,1
DA:279,1
DA:280,1
DA:281,1
DA:282,1
DA:283,1
DA:284,1
DA:285,1
DA:286,1
DA:287,1
DA:288,1
DA:289,1
DA:290,1
DA:291,1
DA:292,1
DA:293,1
DA:294,1
DA:295,1
DA:296,1
DA:297,1
DA:298,1
DA:299,1
DA:300,1
DA:301,1
DA:302,1
DA:303,1
DA:304,1
DA:305,1
DA:306,1
DA:307,1
DA:308,1
DA:309,1
DA:310,1
DA:311,1
DA:312,1
DA:313,1
DA:314,1
DA:315,1
DA:316,1
DA:317,1
DA:318,1
DA:319,1
DA:320,1
DA:321,1
DA:322,1
DA:323,1
DA:324,1
DA:325,1
DA:326,1
DA:327,1
DA:328,1
DA:329,1
DA:330,1
DA:331,1
DA:332,1
DA:333,1
DA:334,1
DA:335,1
DA:336,1
DA:337,1
DA:338,1
DA:339,1
DA:340,1
DA:341,1
DA:342,1
DA:343,1
DA:344,1
DA:345,1
DA:346,1
DA:347,1
DA:348,1
DA:349,1
DA:350,1
DA:351,1
DA:352,1
DA:353,1
DA:354,1
DA:355,1
DA:356,1
DA:357,1
DA:358,1
DA:359,1
DA:360,1
DA:361,1
DA:362,1
DA:363,1
DA:364,1
DA:365,1
DA:366,1
DA:367,1
DA:368,1
DA:369,1
DA:370,1
DA:371,1
DA:372,1
DA:373,1
DA:374,1
DA:375,1
DA:376,1
DA:377,1
DA:378,1
DA:379,1
DA:380,1
DA:381,1
DA:382,1
DA:383,1
DA:384,1
DA:385,1
DA:386,1
DA:387,1
DA:388,1
DA:389,1
DA:390,1
DA:391,1
DA:392,1
DA:393,1
DA:394,1
DA:395,1
DA:396,1
LH:368
LF:396
end_of_record
