TN:
SF:src/index.ts
FN:3,__name
FN:5,anonymous_1
FN:9,anonymous_2
FN:12,anonymous_3
FN:13,createHost
FN:15,anonymous_5
FN:18,anonymous_6
FN:19,anonymous_7
FN:21,anonymous_8
FN:22,anonymous_9
FN:23,anonymous_10
FN:23,anonymous_11
FN:29,anonymous_12
FN:31,anonymous_13
FN:33,anonymous_14
FN:35,toCommonJS
FN:68,toESM
FNDA:75,__name
FNDA:1,anonymous_1
FNDA:7,anonymous_2
FNDA:7,anonymous_3
FNDA:7,createHost
FNDA:23,anonymous_5
FNDA:10,anonymous_6
FNDA:7,anonymous_7
FNDA:8,anonymous_8
FNDA:0,anonymous_9
FNDA:87,anonymous_10
FNDA:0,anonymous_11
FNDA:309,anonymous_12
FNDA:29,anonymous_13
FNDA:0,anonymous_14
FNDA:5,toCommonJS
FNDA:5,toESM
FNF:17
FNH:14
BRDA:1,0,0,1
BRDA:3,1,0,75
BRDA:5,2,0,1
BRDA:9,3,0,7
BRDA:10,4,0,6
BRDA:12,5,0,7
BRDA:13,6,0,7
BRDA:15,7,0,23
BRDA:17,8,0,7
BRDA:17,9,0,16
BRDA:18,10,0,10
BRDA:19,11,0,7
BRDA:21,12,0,8
BRDA:23,13,0,87
BRDA:29,14,0,309
BRDA:31,15,0,29
BRDA:35,16,0,3
BRDA:41,17,0,0
BRDA:43,18,0,0
BRDA:44,19,0,0
BRDA:58,20,0,5
BRDA:58,21,0,3
BRDA:60,22,0,1
BRDA:62,23,0,1
BRDA:68,24,0,4
BRDA:73,25,0,0
BRDA:75,26,0,1
BRDA:75,27,0,3
BRDA:77,28,0,0
BRDA:96,29,0,5
BRDA:97,30,0,4
BRDA:97,31,0,0
BRDA:99,32,0,1
BRF:33
BRH:27
DA:1,1
DA:2,1
DA:3,1
DA:4,1
DA:5,1
DA:6,1
DA:7,1
DA:8,1
DA:9,1
DA:10,1
DA:11,1
DA:12,1
DA:13,1
DA:14,7
DA:15,7
DA:16,23
DA:17,23
DA:18,7
DA:19,7
DA:20,7
DA:21,7
DA:22,7
DA:23,7
DA:24,0
DA:25,0
DA:26,7
DA:27,7
DA:28,7
DA:29,7
DA:30,7
DA:31,7
DA:32,7
DA:33,7
DA:34,1
DA:35,1
DA:36,3
DA:37,3
DA:38,3
DA:39,3
DA:40,3
DA:41,3
DA:42,3
DA:43,3
DA:44,3
DA:45,3
DA:46,3
DA:47,3
DA:48,3
DA:49,3
DA:50,3
DA:51,3
DA:52,3
DA:53,3
DA:54,3
DA:55,3
DA:56,3
DA:57,3
DA:58,3
DA:59,5
DA:60,5
DA:61,5
DA:62,5
DA:63,3
DA:64,1
DA:65,1
DA:66,1
DA:67,1
DA:68,1
DA:69,4
DA:70,4
DA:71,4
DA:72,4
DA:73,4
DA:74,4
DA:75,4
DA:76,4
DA:77,4
DA:78,4
DA:79,4
DA:80,4
DA:81,4
DA:82,4
DA:83,4
DA:84,4
DA:85,4
DA:86,4
DA:87,4
DA:88,4
DA:89,4
DA:90,4
DA:91,4
DA:92,4
DA:93,4
DA:94,4
DA:95,4
DA:96,4
DA:97,5
DA:98,5
DA:99,5
DA:100,1
DA:101,1
DA:102,1
DA:103,1
DA:104,1
DA:105,1
DA:106,1
DA:107,1
DA:108,1
DA:109,1
DA:110,1
DA:111,1
DA:112,1
DA:113,1
DA:114,1
DA:115,1
DA:116,1
DA:117,1
DA:118,1
DA:119,1
DA:120,1
DA:121,1
DA:122,1
DA:123,1
DA:124,1
DA:125,1
DA:126,1
DA:127,1
DA:128,1
DA:129,1
DA:130,1
DA:131,1
DA:132,1
DA:133,1
DA:134,1
DA:135,1
DA:136,1
DA:137,1
DA:138,1
DA:139,1
DA:140,1
DA:141,1
DA:142,1
DA:143,1
DA:144,1
DA:145,1
DA:146,1
DA:147,1
DA:148,1
DA:149,1
DA:150,1
DA:151,1
DA:152,1
DA:153,1
DA:154,1
DA:155,1
DA:156,1
DA:157,1
DA:158,1
DA:159,1
DA:160,1
DA:161,1
DA:162,1
DA:163,1
DA:164,1
DA:165,1
DA:166,1
DA:167,1
DA:168,1
DA:169,1
DA:170,1
DA:171,1
LH:169
LF:171
end_of_record
